[+] Step: 1
	[*] Random exploration. Selected action: 2
	[#] Next state:  [4294967295      14400       1440          0          0          0
          0          0      80000          0          0          0]
	[!] Reward:  1.0
	[#] cWnd:  14400
	[!] rtt:  0
	[!] ssThresh:  4294967295
[+] Step: 2
	[*] Random exploration. Selected action: 1
	[#] Next state:  [4294967295      15900       1440      64800      12960         10
          2      93636      80000      14785      17737     144000]
	[!] Reward:  1.0
	[#] cWnd:  15900
	[!] rtt:  93636
	[!] ssThresh:  4294967295
[+] Step: 3
	[*] Random exploration. Selected action: 1
	[#] Next state:  [4294967295      17400       1440      84960      14160         12
          2     106157      80000       7741      16773     172800]
	[!] Reward:  1.0
	[#] cWnd:  17400
	[!] rtt:  106157
	[!] ssThresh:  4294967295
[+] Step: 4
	[*] Random exploration. Selected action: 0
	[#] Next state:  [4294967295      17400       1440     100800      14400         14
          2     103770      80000       7615      15230     201600]
	[!] Reward:  1.0
	[#] cWnd:  17400
	[!] rtt:  103770
	[!] ssThresh:  4294967295
[+] Step: 5
	[*] Random exploration. Selected action: 1
	[#] Next state:  [4294967295      18900       1440      93600      15600         12
          2      98982      80000       7281      15777     172800]
	[!] Reward:  1.0
	[#] cWnd:  18900
	[!] rtt:  98982
	[!] ssThresh:  4294967295
[+] Step: 6
	[*] Random exploration. Selected action: 0
	[#] Next state:  [4294967295      18900       1440     110880      15840         14
          2     100380      80000       7188      14377     201600]
	[!] Reward:  1.0
	[#] cWnd:  18900
	[!] rtt:  100380
	[!] ssThresh:  4294967295
[+] Step: 7
	[*] Random exploration. Selected action: 0
	[#] Next state:  [4294967295      18900       1440     110880      15840         14
          2     102511      80000       7188      14377     201600]
	[!] Reward:  1.0
	[#] cWnd:  18900
	[!] rtt:  102511
	[!] ssThresh:  4294967295
[+] Step: 8
	[*] Random exploration. Selected action: 0
	[#] Next state:  [4294967295      18900       1440     110880      15840         14
          2     103172      80000       7188      14377     201600]
	[!] Reward:  1.0
	[#] cWnd:  18900
	[!] rtt:  103172
	[!] ssThresh:  4294967295
[+] Step: 9
	[*] Random exploration. Selected action: 0
	[#] Next state:  [4294967295      18900       1440      95040      15840         12
          2     103144      80000       7390      14781     172800]
	[!] Reward:  1.0
	[#] cWnd:  18900
	[!] rtt:  103144
	[!] ssThresh:  4294967295
[+] Step: 10
	[*] Random exploration. Selected action: 1
	[#] Next state:  [4294967295      20400       1440     119520      17074         14
          2     103570      80000       7841      16802     201600]
	[!] Reward:  1.0
	[#] cWnd:  20400
	[!] rtt:  103570
	[!] ssThresh:  4294967295
[+] Step: 11
	[*] Random exploration. Selected action: 2
	[#] Next state:  [4294967295      20250       1440     120960      17280         14
          2     103022      80000       6761      13523     201600]
	[!] Reward:  1.0
	[#] cWnd:  20250
	[!] rtt:  103022
	[!] ssThresh:  4294967295
[+] Step: 12
	[*] Random exploration. Selected action: 0
	[#] Next state:  [4294967295      20250       1440     120960      17280         14
          2      98561      80000       6761      13523     201600]
	[!] Reward:  1.0
	[#] cWnd:  20250
	[!] rtt:  98561
	[!] ssThresh:  4294967295
[+] Step: 13
	[*] Random exploration. Selected action: 2
	[#] Next state:  [4294967295      20100       1440     112320      16045         14
          2      96305      80000       7281      13523     201600]
	[!] Reward:  1.0
	[#] cWnd:  20100
	[!] rtt:  96305
	[!] ssThresh:  4294967295
[+] Step: 14
	[*] Random exploration. Selected action: 0
	[#] Next state:  [4294967295      20100       1440     110880      15840         14
          2      98245      80000       7615      15230     201600]
	[!] Reward:  1.0
	[#] cWnd:  20100
	[!] rtt:  98245
	[!] ssThresh:  4294967295
[+] Step: 15
	[*] Random exploration. Selected action: 0
	[#] Next state:  [4294967295      20100       1440     110880      15840         14
          2     101181      80000       7188      14377     201600]
	[!] Reward:  1.0
	[#] cWnd:  20100
	[!] rtt:  101181
	[!] ssThresh:  4294967295
[+] Step: 16
	[*] Random exploration. Selected action: 2
	[#] Next state:  [4294967295      19950       1440     110880      15840         14
          2     102706      80000       7188      14377     201600]
	[!] Reward:  1.0
	[#] cWnd:  19950
	[!] rtt:  102706
	[!] ssThresh:  4294967295
[+] Step: 17
	[*] Random exploration. Selected action: 0
	[#] Next state:  [4294967295      19950       1440     110880      15840         14
          2     103104      80000       7188      14377     201600]
	[!] Reward:  1.0
	[#] cWnd:  19950
	[!] rtt:  103104
	[!] ssThresh:  4294967295
[+] Step: 18
	[*] Random exploration. Selected action: 0
	[#] Next state:  [4294967295      19950       1440     110880      15840         14
          2     103092      80000       7188      14377     201600]
	[!] Reward:  1.0
	[#] cWnd:  19950
	[!] rtt:  103092
	[!] ssThresh:  4294967295
[+] Step: 19
	[*] Random exploration. Selected action: 2
	[#] Next state:  [4294967295      19800       1440      95040      15840         12
          2     103561      80000       7390      14781     172800]
	[!] Reward:  1.0
	[#] cWnd:  19800
	[!] rtt:  103561
	[!] ssThresh:  4294967295
[+] Step: 20
	[*] Random exploration. Selected action: 1
	[#] Next state:  [4294967295      21300       1440     119520      17074         14
          2     103463      80000       7442      15948     201600]
	[!] Reward:  1.0
	[#] cWnd:  21300
	[!] rtt:  103463
	[!] ssThresh:  4294967295
[+] Step: 21
	[*] Random exploration. Selected action: 0
	[#] Next state:  [4294967295      21300       1440     138240      17280         16
          2     100330      80000       6663      13327     230400]
	[!] Reward:  1.0
	[#] cWnd:  21300
	[!] rtt:  100330
	[!] ssThresh:  4294967295
[+] Step: 22
	[*] Random exploration. Selected action: 0
	[#] Next state:  [4294967295      21300       1440     120960      17280         14
          2      96936      80000       6761      13523     201600]
	[!] Reward:  1.0
	[#] cWnd:  21300
	[!] rtt:  96936
	[!] ssThresh:  4294967295
[+] Step: 23
	[*] Random exploration. Selected action: 1
	[#] Next state:  [4294967295      22800       1440     129600      18514         14
          2      95367      80000       6310      13523     201600]
	[!] Reward:  1.0
	[#] cWnd:  22800
	[!] rtt:  95367
	[!] ssThresh:  4294967295
[+] Step: 24
	[*] Random exploration. Selected action: 1
	[#] Next state:  [4294967295      24300       1440     159840      19980         16
          2      98993      80000       5920      12580     230400]
	[!] Reward:  1.0
	[#] cWnd:  24300
	[!] rtt:  98993
	[!] ssThresh:  4294967295
[+] Step: 25
	[*] Random exploration. Selected action: 2
	[#] Next state:  [4294967295      24150       1440     181440      20160         18
          2     100484      80000       5976      11952     259200]
	[!] Reward:  1.0
	[#] cWnd:  24150
	[!] rtt:  100484
	[!] ssThresh:  4294967295
[+] Step: 26
	[*] Random exploration. Selected action: 0
	[#] Next state:  [4294967295      24150       1440     161280      20160         16
          2      97209      80000       5976      11952     230400]
	[!] Reward:  1.0
	[#] cWnd:  24150
	[!] rtt:  97209
	[!] ssThresh:  4294967295
[+] Step: 27
	[*] Random exploration. Selected action: 2
	[#] Next state:  [4294967295      24000       1440     181440      20160         18
          2      96326      80000       5976      11952     259200]
	[!] Reward:  1.0
	[#] cWnd:  24000
	[!] rtt:  96326
	[!] ssThresh:  4294967295
[+] Step: 28
	[*] Random exploration. Selected action: 0
	[#] Next state:  [4294967295      24000       1440     161280      20160         16
          2      95760      80000       5976      11952     230400]
	[!] Reward:  1.0
	[#] cWnd:  24000
	[!] rtt:  95760
	[!] ssThresh:  4294967295
[+] Step: 29
	[*] Exploiting gained knowledge. Selected action: 0
	[#] Next state:  [4294967295      24000       1440     161280      20160         16
          2      95604      80000       5976      11952     230400]
	[!] Reward:  1.0
	[#] cWnd:  24000
	[!] rtt:  95604
	[!] ssThresh:  4294967295
[+] Step: 30
	[*] Random exploration. Selected action: 2
	[#] Next state:  [4294967295      23850       1440     181440      20160         18
          2      95794      80000       5976      11952     259200]
	[!] Reward:  1.0
	[#] cWnd:  23850
	[!] rtt:  95794
	[!] ssThresh:  4294967295
[+] Step: 31
	[*] Exploiting gained knowledge. Selected action: 0
	[#] Next state:  [4294967295      23850       1440     161280      20160         16
          2      95430      80000       5976      11952     230400]
	[!] Reward:  1.0
	[#] cWnd:  23850
	[!] rtt:  95430
	[!] ssThresh:  4294967295
[+] Step: 32
	[*] Random exploration. Selected action: 1
	[#] Next state:  [4294967295      25350       1440     171360      21420         16
          2      95733      80000       5624      11952     230400]
	[!] Reward:  1.0
	[#] cWnd:  25350
	[!] rtt:  95733
	[!] ssThresh:  4294967295
[+] Step: 33
	[*] Random exploration. Selected action: 1
	[#] Next state:  [4294967295      26850       1440     205920      22880         18
          2     100148      80000       5661      11952     259200]
	[!] Reward:  1.0
	[#] cWnd:  26850
	[!] rtt:  100148
	[!] ssThresh:  4294967295
[+] Step: 34
	[*] Random exploration. Selected action: 1
	[#] Next state:  [4294967295      28350       1440     194400      24300         16
          2     105097      80000       5624      11952     230400]
	[!] Reward:  1.0
	[#] cWnd:  28350
	[!] rtt:  105097
	[!] ssThresh:  4294967295
[+] Step: 35
	[*] Random exploration. Selected action: 2
	[#] Next state:  [4294967295      28200       1440     195840      24480         16
          2     110163      80000       5976      11952     230400]
	[!] Reward:  1.0
	[#] cWnd:  28200
	[!] rtt:  110163
	[!] ssThresh:  4294967295
[+] Step: 36
	[*] Random exploration. Selected action: 2
	[#] Next state:  [4294967295      28050       1440     220320      24480         18
          2     116174      80000       5976      11952     259200]
	[!] Reward:  1.0
	[#] cWnd:  28050
	[!] rtt:  116174
	[!] ssThresh:  4294967295
[+] Step: 37
	[*] Random exploration. Selected action: 1
	[#] Next state:  [4294967295      29550       1440     205920      25740         16
          2     118596      80000       5624      11952     230400]
	[!] Reward:  1.0
	[#] cWnd:  29550
	[!] rtt:  118596
	[!] ssThresh:  4294967295
[+] Step: 38
	[*] Random exploration. Selected action: 1
	[#] Next state:  [4294967295      31050       1440     244800      27200         18
          2     119237      80000       5661      11952     259200]
	[!] Reward:  1.0
	[#] cWnd:  31050
	[!] rtt:  119237
	[!] ssThresh:  4294967295
[+] Step: 39
	[*] Random exploration. Selected action: 0
	[#] Next state:  [4294967295      31050       1440     218880      27360         16
          2     122430      80000       5976      11952     230400]
	[!] Reward:  1.0
	[#] cWnd:  31050
	[!] rtt:  122430
	[!] ssThresh:  4294967295
[+] Step: 40
	[*] Random exploration. Selected action: 1
	[#] Next state:  [4294967295      32550       1440     228960      28620         16
          2     128511      80000       5624      11952     230400]
	[!] Reward:  1.0
	[#] cWnd:  32550
	[!] rtt:  128511
	[!] ssThresh:  4294967295
[+] Step: 41
	[*] Random exploration. Selected action: 0
	[#] Next state:  [4294967295      32550       1440     259200      28800         18
          2     130271      80000       5976      11952     259200]
	[!] Reward:  1.0
	[#] cWnd:  32550
	[!] rtt:  130271
	[!] ssThresh:  4294967295
[+] Step: 42
	[*] Exploiting gained knowledge. Selected action: 0
	[#] Next state:  [4294967295      32550       1440     230400      28800         16
          2     131261      80000       5976      11952     230400]
	[!] Reward:  1.0
	[#] cWnd:  32550
	[!] rtt:  131261
	[!] ssThresh:  4294967295
[+] Step: 43
	[*] Exploiting gained knowledge. Selected action: 0
	[#] Next state:  [4294967295      32550       1440     230400      28800         16
          2     131402      80000       5976      11952     230400]
	[!] Reward:  1.0
	[#] cWnd:  32550
	[!] rtt:  131402
	[!] ssThresh:  4294967295
[+] Step: 44
	[*] Random exploration. Selected action: 1
	[#] Next state:  [4294967295      34050       1440     270720      30080         18
          2     131307      80000       5661      11952     259200]
	[!] Reward:  1.0
	[#] cWnd:  34050
	[!] rtt:  131307
	[!] ssThresh:  4294967295
[+] Step: 45
	[*] Random exploration. Selected action: 0
	[#] Next state:  [4294967295      34050       1440     241920      30240         16
          2     134046      80000       5976      11952     230400]
	[!] Reward:  1.0
	[#] cWnd:  34050
	[!] rtt:  134046
	[!] ssThresh:  4294967295
[+] Step: 46
	[*] Exploiting gained knowledge. Selected action: 0
	[#] Next state:  [4294967295      34050       1440     241920      30240         16
          2     139762      80000       5976      11952     230400]
	[!] Reward:  1.0
	[#] cWnd:  34050
	[!] rtt:  139762
	[!] ssThresh:  4294967295
[+] Step: 47
	[*] Random exploration. Selected action: 1
	[#] Next state:  [4294967295      35550       1440     283680      31520         18
          2     142324      80000       5661      11952     259200]
	[!] Reward:  1.0
	[#] cWnd:  35550
	[!] rtt:  142324
	[!] ssThresh:  4294967295
[+] Step: 48
	[*] Random exploration. Selected action: 1
	[#] Next state:  [4294967295      37050       1440     263520      32940         16
          2     143124      80000       5624      11952     230400]
	[!] Reward:  1.0
	[#] cWnd:  37050
	[!] rtt:  143124
	[!] ssThresh:  4294967295
[+] Step: 49
	[*] Random exploration. Selected action: 2
	[#] Next state:  [4294967295      36900       1440     298080      33120         18
          2     144588      80000       5976      11952     259200]
	[!] Reward:  1.0
	[#] cWnd:  36900
	[!] rtt:  144588
	[!] ssThresh:  4294967295
[+] Step: 50
	[*] Exploiting gained knowledge. Selected action: 0
	[#] Next state:  [4294967295      36900       1440     264960      33120         16
          2     151501      80000       5976      11952     230400]
	[!] Reward:  1.0
	[#] cWnd:  36900
	[!] rtt:  151501
	[!] ssThresh:  4294967295
[+] Step: 51
	[*] Random exploration. Selected action: 1
	[#] Next state:  [4294967295      38400       1440     275040      34380         16
          2     153868      80000       5624      11952     230400]
	[!] Reward:  1.0
	[#] cWnd:  38400
	[!] rtt:  153868
	[!] ssThresh:  4294967295
[+] Step: 52
	[*] Exploiting gained knowledge. Selected action: 0
	[#] Next state:  [4294967295      38400       1440     311040      34560         18
          2     154937      80000       5976      11952     259200]
	[!] Reward:  1.0
	[#] cWnd:  38400
	[!] rtt:  154937
	[!] ssThresh:  4294967295
[+] Step: 53
	[*] Random exploration. Selected action: 2
	[#] Next state:  [4294967295      38250       1440     276480      34560         16
          2     155313      80000       5976      11952     230400]
	[!] Reward:  1.0
	[#] cWnd:  38250
	[!] rtt:  155313
	[!] ssThresh:  4294967295
[+] Step: 54
	[*] Random exploration. Selected action: 0
	[#] Next state:  [4294967295      38250       1440     276480      34560         16
          2     155152      80000       5976      11952     230400]
	[!] Reward:  1.0
	[#] cWnd:  38250
	[!] rtt:  155152
	[!] ssThresh:  4294967295
[+] Step: 55
	[*] Random exploration. Selected action: 2
	[#] Next state:  [4294967295      38100       1440     311040      34560         18
          2     155496      80000       5976      11952     259200]
	[!] Reward:  1.0
	[#] cWnd:  38100
	[!] rtt:  155496
	[!] ssThresh:  4294967295
[+] Step: 56
	[*] Exploiting gained knowledge. Selected action: 0
	[#] Next state:  [4294967295      38100       1440     276480      34560         16
          2     155215      80000       5976      11952     230400]
	[!] Reward:  1.0
	[#] cWnd:  38100
	[!] rtt:  155215
	[!] ssThresh:  4294967295
[+] Step: 57
	[*] Exploiting gained knowledge. Selected action: 0
	[#] Next state:  [4294967295      38100       1440     311040      34560         18
          2     155448      80000       5976      11952     259200]
	[!] Reward:  1.0
	[#] cWnd:  38100
	[!] rtt:  155448
	[!] ssThresh:  4294967295
[+] Step: 58
	[*] Random exploration. Selected action: 2
	[#] Next state:  [4294967295      37950       1440     276480      34560         16
          2     155399      80000       5976      11952     230400]
	[!] Reward:  1.0
	[#] cWnd:  37950
	[!] rtt:  155399
	[!] ssThresh:  4294967295
[+] Step: 59
	[*] Random exploration. Selected action: 2
	[#] Next state:  [4294967295      37800       1440     276480      34560         16
          2     155223      80000       5976      11952     230400]
	[!] Reward:  1.0
	[#] cWnd:  37800
	[!] rtt:  155223
	[!] ssThresh:  4294967295
[+] Step: 60
	[*] Random exploration. Selected action: 2
	[#] Next state:  [4294967295      37650       1440     311040      34560         18
          2     155557      80000       5976      11952     259200]
	[!] Reward:  1.0
	[#] cWnd:  37650
	[!] rtt:  155557
	[!] ssThresh:  4294967295
[+] Step: 61
	[*] Random exploration. Selected action: 1
	[#] Next state:  [4294967295      39150       1440     286560      35820         16
          2     155235      80000       5624      11952     230400]
	[!] Reward:  1.0
	[#] cWnd:  39150
	[!] rtt:  155235
	[!] ssThresh:  4294967295
[+] Step: 62
	[*] Random exploration. Selected action: 1
	[#] Next state:  [4294967295      40650       1440     298080      37260         16
          2     155963      80000       5624      11952     230400]
	[!] Reward:  1.0
	[#] cWnd:  40650
	[!] rtt:  155963
	[!] ssThresh:  4294967295
[+] Step: 63
	[*] Random exploration. Selected action: 0
	[#] Next state:  [4294967295      40650       1440     336960      37440         18
          2     162436      80000       5976      11952     259200]
	[!] Reward:  1.0
	[#] cWnd:  40650
	[!] rtt:  162436
	[!] ssThresh:  4294967295
[+] Step: 64
	[*] Exploiting gained knowledge. Selected action: 0
	[#] Next state:  [4294967295      40650       1440     299520      37440         16
          2     165596      80000       5976      11952     230400]
	[!] Reward:  1.0
	[#] cWnd:  40650
	[!] rtt:  165596
	[!] ssThresh:  4294967295
[+] Step: 65
	[*] Exploiting gained knowledge. Selected action: 0
	[#] Next state:  [4294967295      40650       1440     299520      37440         16
          2     166976      80000       5976      11952     230400]
	[!] Reward:  1.0
	[#] cWnd:  40650
	[!] rtt:  166976
	[!] ssThresh:  4294967295
[+] Step: 66
	[*] Random exploration. Selected action: 1
	[#] Next state:  [4294967295      42150       1440     348480      38720         18
          2     167059      80000       5661      11952     259200]
	[!] Reward:  1.0
	[#] cWnd:  42150
	[!] rtt:  167059
	[!] ssThresh:  4294967295
[+] Step: 67
	[*] Random exploration. Selected action: 2
	[#] Next state:  [4294967295      42000       1440     311040      38880         16
          2     167825      80000       5976      11952     230400]
	[!] Reward:  1.0
	[#] cWnd:  42000
	[!] rtt:  167825
	[!] ssThresh:  4294967295
[+] Step: 68
	[*] Exploiting gained knowledge. Selected action: 0
	[#] Next state:  [4294967295      42000       1440     349920      38880         18
          2     174386      80000       5976      11952     259200]
	[!] Reward:  1.0
	[#] cWnd:  42000
	[!] rtt:  174386
	[!] ssThresh:  4294967295
[+] Step: 69
	[*] Random exploration. Selected action: 0
	[#] Next state:  [4294967295      42000       1440     311040      38880         16
          2     177550      80000       5976      11952     230400]
	[!] Reward:  1.0
	[#] cWnd:  42000
	[!] rtt:  177550
	[!] ssThresh:  4294967295
[+] Step: 70
	[*] Exploiting gained knowledge. Selected action: 0
	[#] Next state:  [4294967295      42000       1440     311040      38880         16
          2     178856      80000       5976      11952     230400]
	[!] Reward:  1.0
	[#] cWnd:  42000
	[!] rtt:  178856
	[!] ssThresh:  4294967295
[+] Step: 71
	[*] Random exploration. Selected action: 1
	[#] Next state:  [4294967295      43500       1440     361440      40160         18
          2     178991      80000       5661      11952     259200]
	[!] Reward:  1.0
	[#] cWnd:  43500
	[!] rtt:  178991
	[!] ssThresh:  4294967295
[+] Step: 72
	[*] Random exploration. Selected action: 0
	[#] Next state:  [4294967295      43500       1440     322560      40320         16
          2     179265      80000       5976      11952     230400]
	[!] Reward:  1.0
	[#] cWnd:  43500
	[!] rtt:  179265
	[!] ssThresh:  4294967295
[+] Step: 73
	[*] Exploiting gained knowledge. Selected action: 0
	[#] Next state:  [4294967295      43500       1440     322560      40320         16
          2     179315      80000       5976      11952     230400]
	[!] Reward:  1.0
	[#] cWnd:  43500
	[!] rtt:  179315
	[!] ssThresh:  4294967295
[+] Step: 74
	[*] Random exploration. Selected action: 1
	[#] Next state:  [4294967295      45000       1440     374400      41600         18
          2     179142      80000       5661      11952     259200]
	[!] Reward:  1.0
	[#] cWnd:  45000
	[!] rtt:  179142
	[!] ssThresh:  4294967295
[+] Step: 75
	[*] Random exploration. Selected action: 0
	[#] Next state:  [4294967295      45000       1440     334080      41760         16
          2     179642      80000       5976      11952     230400]
	[!] Reward:  1.0
	[#] cWnd:  45000
	[!] rtt:  179642
	[!] ssThresh:  4294967295
[+] Step: 76
	[*] Exploiting gained knowledge. Selected action: 0
	[#] Next state:  [4294967295      45000       1440     334080      41760         16
          2     185166      80000       5976      11952     230400]
	[!] Reward:  1.0
	[#] cWnd:  45000
	[!] rtt:  185166
	[!] ssThresh:  4294967295
[+] Step: 77
	[*] Random exploration. Selected action: 0
	[#] Next state:  [4294967295      45000       1440     375840      41760         18
          2     189278      80000       5976      11952     259200]
	[!] Reward:  1.0
	[#] cWnd:  45000
	[!] rtt:  189278
	[!] ssThresh:  4294967295
[+] Step: 78
	[*] Random exploration. Selected action: 1
	[#] Next state:  [4294967295      46500       1440     344160      43020         16
          2     190677      80000       5624      11952     230400]
	[!] Reward:  1.0
	[#] cWnd:  46500
	[!] rtt:  190677
	[!] ssThresh:  4294967295
[+] Step: 79
	[*] Random exploration. Selected action: 1
	[#] Next state:  [4294967295      48000       1440     400320      44480         18
          2     190908      80000       5661      11952     259200]
	[!] Reward:  1.0
	[#] cWnd:  48000
	[!] rtt:  190908
	[!] ssThresh:  4294967295
[+] Step: 80
	[*] Random exploration. Selected action: 2
	[#] Next state:  [4294967295      47850       1440     357120      44640         16
          2     191326      80000       5976      11952     230400]
	[!] Reward:  1.0
	[#] cWnd:  47850
	[!] rtt:  191326
	[!] ssThresh:  4294967295
[+] Step: 81
	[*] Random exploration. Selected action: 1
	[#] Next state:  [4294967295      49350       1440     367200      45900         16
          2     196260      80000       5624      11952     230400]
	[!] Reward:  1.0
	[#] cWnd:  49350
	[!] rtt:  196260
	[!] ssThresh:  4294967295
[+] Step: 82
	[*] Exploiting gained knowledge. Selected action: 0
	[#] Next state:  [4294967295      49350       1440     414720      46080         18
          2     200929      80000       5976      11952     259200]
	[!] Reward:  1.0
	[#] cWnd:  49350
	[!] rtt:  200929
	[!] ssThresh:  4294967295
[+] Step: 83
	[*] Random exploration. Selected action: 1
	[#] Next state:  [4294967295      50850       1440     378720      47340         16
          2     202541      80000       5624      11952     230400]
	[!] Reward:  1.0
	[#] cWnd:  50850
	[!] rtt:  202541
	[!] ssThresh:  4294967295
[+] Step: 84
	[*] Random exploration. Selected action: 0
	[#] Next state:  [4294967295      50850       1440     380160      47520         16
          2     202842      80000       5976      11952     230400]
	[!] Reward:  1.0
	[#] cWnd:  50850
	[!] rtt:  202842
	[!] ssThresh:  4294967295
[+] Step: 85
	[*] Random exploration. Selected action: 0
	[#] Next state:  [4294967295      50850       1440     427680      47520         18
          2     206815      80000       5976      11952     259200]
	[!] Reward:  1.0
	[#] cWnd:  50850
	[!] rtt:  206815
	[!] ssThresh:  4294967295
[+] Step: 86
	[*] Random exploration. Selected action: 0
	[#] Next state:  [4294967295      50850       1440     380160      47520         16
          2     212374      80000       5976      11952     230400]
	[!] Reward:  1.0
	[#] cWnd:  50850
	[!] rtt:  212374
	[!] ssThresh:  4294967295
[+] Step: 87
	[*] Random exploration. Selected action: 0
	[#] Next state:  [4294967295      50850       1440     427680      47520         18
          2     214254      80000       5976      11952     259200]
	[!] Reward:  1.0
	[#] cWnd:  50850
	[!] rtt:  214254
	[!] ssThresh:  4294967295
[+] Step: 88
	[*] Random exploration. Selected action: 2
	[#] Next state:  [4294967295      50700       1440     380160      47520         16
          2     214894      80000       5976      11952     230400]
	[!] Reward:  1.0
	[#] cWnd:  50700
	[!] rtt:  214894
	[!] ssThresh:  4294967295
[+] Step: 89
	[*] Random exploration. Selected action: 1
	[#] Next state:  [4294967295      52200       1440     390240      48780         16
          2     214963      80000       5624      11952     230400]
	[!] Reward:  1.0
	[#] cWnd:  52200
	[!] rtt:  214963
	[!] ssThresh:  4294967295
[+] Step: 90
	[*] Random exploration. Selected action: 0
	[#] Next state:  [4294967295      52200       1440     440640      48960         18
          2     215189      80000       5976      11952     259200]
	[!] Reward:  1.0
	[#] cWnd:  52200
	[!] rtt:  215189
	[!] ssThresh:  4294967295
[+] Step: 91
	[*] Random exploration. Selected action: 0
	[#] Next state:  [4294967295      52200       1440     391680      48960         16
          2     215093      80000       5976      11952     230400]
	[!] Reward:  1.0
	[#] cWnd:  52200
	[!] rtt:  215093
	[!] ssThresh:  4294967295
[+] Step: 92
	[*] Random exploration. Selected action: 2
	[#] Next state:  [4294967295      52050       1440     391680      48960         16
          2     215118      80000       5976      11952     230400]
	[!] Reward:  1.0
	[#] cWnd:  52050
	[!] rtt:  215118
	[!] ssThresh:  4294967295
[+] Step: 93
	[*] Random exploration. Selected action: 2
	[#] Next state:  [4294967295      51900       1440     437760      48640         18
          2     215189      80000       5976      11952     259200]
	[!] Reward:  1.0
	[#] cWnd:  51900
	[!] rtt:  215189
	[!] ssThresh:  4294967295
[+] Step: 94
	[*] Random exploration. Selected action: 1
	[#] Next state:  [4294967295      53400       1440     264960      33120         16
          2     215060      80000          0      11952     230400]
	[!] Reward:  1.0
	[#] cWnd:  53400
	[!] rtt:  215060
	[!] ssThresh:  4294967295
[+] Step: 95
	[*] Exploiting gained knowledge. Selected action: 0
	[#] Next state:  [4294967295      53400       1440      80640      10080         16
          2     215226      80000     215352      10648     230400]
	[!] Reward:  1.0
	[#] cWnd:  53400
	[!] rtt:  215226
	[!] ssThresh:  4294967295
[+] Step: 96
	[*] Exploiting gained knowledge. Selected action: 0
	[#] Next state:  [4294967295      53400       1440          0          0          0
          0          0      80000          0          0          0]
	[!] Reward:  1.0
	[#] cWnd:  53400
	[!] rtt:  0
	[!] ssThresh:  4294967295
[+] Step: 97
	[*] Random exploration. Selected action: 0
	[#] Next state:  [4294967295      53400       1440          0          0          0
          0          0      80000          0          0          0]
	[!] Reward:  1.0
	[#] cWnd:  53400
	[!] rtt:  0
	[!] ssThresh:  4294967295
[+] Step: 98
	[*] Random exploration. Selected action: 1
	[#] Next state:  [4294967295      53400       1440          0          0          0
          0          0      80000          0          0          0]
	[!] Reward:  1.0
	[#] cWnd:  53400
	[!] rtt:  0
	[!] ssThresh:  4294967295
[+] Step: 99
	[*] Exploiting gained knowledge. Selected action: 0
	[#] Next state:  [4294967295      53400       1440          0          0          0
          0          0      80000          0          0          0]
	[!] Reward:  1.0
	[#] cWnd:  53400
	[!] rtt:  0
	[!] ssThresh:  4294967295
[+] Step: 100
	[*] Random exploration. Selected action: 1
	[#] Next state:  [4294967295      53400       1440          0          0          0
          0          0      80000          0          0          0]
	[!] Reward:  1.0
	[#] cWnd:  53400
	[!] rtt:  0
	[!] ssThresh:  4294967295
[+] Step: 101
	[*] Random exploration. Selected action: 2
	[#] Next state:  [4294967295      53400       1440          0          0          0
          0          0      80000          0          0          0]
	[!] Reward:  1.0
	[#] cWnd:  53400
	[!] rtt:  0
	[!] ssThresh:  4294967295
[+] Step: 102
	[*] Random exploration. Selected action: 2
	[#] Next state:  [4294967295      14400       1440      12960      12960          1
          1      81125      80000          0          0      14400]
	[!] Reward:  1.0
	[#] cWnd:  14400
	[!] rtt:  81125
	[!] ssThresh:  4294967295
[+] Step: 103
	[*] Random exploration. Selected action: 0
	[#] Next state:  [4294967295      14400       1440          0          0          0
          0          0      80000          0          0          0]
	[!] Reward:  1.0
	[#] cWnd:  14400
	[!] rtt:  0
	[!] ssThresh:  4294967295
[+] Step: 104
	[*] Random exploration. Selected action: 1
	[#] Next state:  [4294967295      53400       1440          0          0          0
          0          0      80000          0          0          0]
	[!] Reward:  1.0
	[#] cWnd:  53400
	[!] rtt:  0
	[!] ssThresh:  4294967295
[+] Step: 105
	[*] Random exploration. Selected action: 1
	[#] Next state:  [4294967295      15900       1440      64800      12960         10
          2      93636      80000      14785      17737     144000]
	[!] Reward:  1.0
	[#] cWnd:  15900
	[!] rtt:  93636
	[!] ssThresh:  4294967295
[+] Step: 106
	[*] Random exploration. Selected action: 0
	[#] Next state:  [4294967295      53400       1440          0          0          0
          0          0      80000          0          0          0]
	[!] Reward:  1.0
	[#] cWnd:  53400
	[!] rtt:  0
	[!] ssThresh:  4294967295
[+] Step: 107
	[*] Exploiting gained knowledge. Selected action: 0
	[#] Next state:  [4294967295      15900       1440      77760      12960         12
          2     106157      80000       8386      16773     172800]
	[!] Reward:  1.0
	[#] cWnd:  15900
	[!] rtt:  106157
	[!] ssThresh:  4294967295
[+] Step: 108
	[*] Random exploration. Selected action: 2
	[#] Next state:  [4294967295      53400       1440          0          0          0
          0          0      80000          0          0          0]
	[!] Reward:  1.0
	[#] cWnd:  53400
	[!] rtt:  0
	[!] ssThresh:  4294967295
[+] Step: 109
	[*] Random exploration. Selected action: 2
	[#] Next state:  [4294967295      15750       1440      70560      11760         12
          2     106155      80000       9149      16773     172800]
	[!] Reward:  1.0
	[#] cWnd:  15750
	[!] rtt:  106155
	[!] ssThresh:  4294967295
[+] Step: 110
	[*] Random exploration. Selected action: 0
	[#] Next state:  [4294967295      53400       1440          0          0          0
          0          0      80000          0          0          0]
	[!] Reward:  1.0
	[#] cWnd:  53400
	[!] rtt:  0
	[!] ssThresh:  4294967295
[+] Step: 111
	[*] Exploiting gained knowledge. Selected action: 0
	[#] Next state:  [4294967295      15750       1440      57600      11520         10
          2     102678      80000       9466      18932     144000]
	[!] Reward:  1.0
	[#] cWnd:  15750
	[!] rtt:  102678
	[!] ssThresh:  4294967295
[+] Step: 112
	[*] Random exploration. Selected action: 0
	[#] Next state:  [4294967295      53400       1440          0          0          0
          0          0      80000          0          0          0]
	[!] Reward:  1.0
	[#] cWnd:  53400
	[!] rtt:  0
	[!] ssThresh:  4294967295
[+] Step: 113
	[*] Exploiting gained knowledge. Selected action: 0
	[#] Next state:  [4294967295      15750       1440      69120      11520         12
          2      98377      80000       9382      18765     172800]
	[!] Reward:  1.0
	[#] cWnd:  15750
	[!] rtt:  98377
	[!] ssThresh:  4294967295
[+] Step: 114
	[*] Random exploration. Selected action: 0
	[#] Next state:  [4294967295      53400       1440          0          0          0
          0          0      80000          0          0          0]
	[!] Reward:  1.0
	[#] cWnd:  53400
	[!] rtt:  0
	[!] ssThresh:  4294967295
[+] Step: 115
	[*] Random exploration. Selected action: 1
	[#] Next state:  [4294967295      15750       1440      57600      11520         10
          2      96476      80000       9466      18932     144000]
	[!] Reward:  1.0
	[#] cWnd:  15750
	[!] rtt:  96476
	[!] ssThresh:  4294967295
[+] Step: 116
	[*] Exploiting gained knowledge. Selected action: 0
	[#] Next state:  [4294967295      53400       1440          0          0          0
          0          0      80000          0          0          0]
	[!] Reward:  1.0
	[#] cWnd:  53400
	[!] rtt:  0
	[!] ssThresh:  4294967295
[+] Step: 117
	[*] Random exploration. Selected action: 2
	[#] Next state:  [4294967295      15750       1440      69120      11520         12
          2      95654      80000       8884      17769     172800]
	[!] Reward:  1.0
	[#] cWnd:  15750
	[!] rtt:  95654
	[!] ssThresh:  4294967295
[+] Step: 118
	[*] Random exploration. Selected action: 2
	[#] Next state:  [4294967295      53400       1440          0          0          0
          0          0      80000          0          0          0]
	[!] Reward:  1.0
	[#] cWnd:  53400
	[!] rtt:  0
	[!] ssThresh:  4294967295
[+] Step: 119
	[*] Exploiting gained knowledge. Selected action: 0
	[#] Next state:  [4294967295      15600       1440      57600      11520         10
          2      94933      80000       9466      18932     144000]
	[!] Reward:  1.0
	[#] cWnd:  15600
	[!] rtt:  94933
	[!] ssThresh:  4294967295
[+] Step: 120
	[*] Random exploration. Selected action: 1
	[#] Next state:  [4294967295      53400       1440          0          0          0
          0          0      80000          0          0          0]
	[!] Reward:  1.0
	[#] cWnd:  53400
	[!] rtt:  0
	[!] ssThresh:  4294967295
[+] Step: 121
	[*] Exploiting gained knowledge. Selected action: 0
	[#] Next state:  [4294967295      17100       1440      63360      12672         10
          2      94920      80000       8605      18932     144000]
	[!] Reward:  1.0
	[#] cWnd:  17100
	[!] rtt:  94920
	[!] ssThresh:  4294967295
[+] Step: 122
	[*] Exploiting gained knowledge. Selected action: 0
	[#] Next state:  [4294967295      53400       1440          0          0          0
          0          0      80000          0          0          0]
	[!] Reward:  1.0
	[#] cWnd:  53400
	[!] rtt:  0
	[!] ssThresh:  4294967295
[+] Step: 123
	[*] Exploiting gained knowledge. Selected action: 0
	[#] Next state:  [4294967295      17100       1440      64800      12960         10
          2      97384      80000       8868      17737     144000]
	[!] Reward:  1.0
	[#] cWnd:  17100
	[!] rtt:  97384
	[!] ssThresh:  4294967295
[+] Step: 124
	[*] Random exploration. Selected action: 0
	[#] Next state:  [4294967295      53400       1440          0          0          0
          0          0      80000          0          0          0]
	[!] Reward:  1.0
	[#] cWnd:  53400
	[!] rtt:  0
	[!] ssThresh:  4294967295
[+] Step: 125
	[*] Random exploration. Selected action: 0
	[#] Next state:  [4294967295      17100       1440      64800      12960         10
          2     102134      80000       8868      17737     144000]
	[!] Reward:  1.0
	[#] cWnd:  17100
	[!] rtt:  102134
	[!] ssThresh:  4294967295
[+] Step: 126
	[*] Random exploration. Selected action: 2
	[#] Next state:  [4294967295      53400       1440          0          0          0
          0          0      80000          0          0          0]
	[!] Reward:  1.0
	[#] cWnd:  53400
	[!] rtt:  0
	[!] ssThresh:  4294967295
[+] Step: 127
	[*] Random exploration. Selected action: 0
	[#] Next state:  [4294967295      16950       1440      77760      12960         12
          2     104725      80000      10797      21594     172800]
	[!] Reward:  1.0
	[#] cWnd:  16950
	[!] rtt:  104725
	[!] ssThresh:  4294967295
[+] Step: 128
	[*] Exploiting gained knowledge. Selected action: 0
	[#] Next state:  [4294967295      53400       1440          0          0          0
          0          0      80000          0          0          0]
	[!] Reward:  1.0
	[#] cWnd:  53400
	[!] rtt:  0
	[!] ssThresh:  4294967295
[+] Step: 129
	[*] Random exploration. Selected action: 2
	[#] Next state:  [4294967295      16950       1440      77760      12960         12
          2     105750      80000       8386      16773     172800]
	[!] Reward:  1.0
	[#] cWnd:  16950
	[!] rtt:  105750
	[!] ssThresh:  4294967295
[+] Step: 130
	[*] Random exploration. Selected action: 2
	[#] Next state:  [4294967295      53400       1440          0          0          0
          0          0      80000          0          0          0]
	[!] Reward:  1.0
	[#] cWnd:  53400
	[!] rtt:  0
	[!] ssThresh:  4294967295
[+] Step: 131
	[*] Random exploration. Selected action: 2
	[#] Next state:  [4294967295      16800       1440      77760      12960         12
          2     105855      80000       8386      16773     172800]
	[!] Reward:  1.0
	[#] cWnd:  16800
	[!] rtt:  105855
	[!] ssThresh:  4294967295
[+] Step: 132
	[*] Exploiting gained knowledge. Selected action: 0
	[#] Next state:  [4294967295      53400       1440          0          0          0
          0          0      80000          0          0          0]
	[!] Reward:  1.0
	[#] cWnd:  53400
	[!] rtt:  0
	[!] ssThresh:  4294967295
[+] Step: 133
	[*] Random exploration. Selected action: 1
	[#] Next state:  [4294967295      16800       1440      77760      12960         12
          2     106214      80000       8386      16773     172800]
	[!] Reward:  1.0
	[#] cWnd:  16800
	[!] rtt:  106214
	[!] ssThresh:  4294967295
[+] Step: 134
	[*] Random exploration. Selected action: 2
	[#] Next state:  [4294967295      53400       1440          0          0          0
          0          0      80000          0          0          0]
	[!] Reward:  1.0
	[#] cWnd:  53400
	[!] rtt:  0
	[!] ssThresh:  4294967295
[+] Step: 135
	[*] Exploiting gained knowledge. Selected action: 0
	[#] Next state:  [4294967295      16650       1440      77760      12960         12
          2     106093      80000       8386      16773     172800]
	[!] Reward:  1.0
	[#] cWnd:  16650
	[!] rtt:  106093
	[!] ssThresh:  4294967295
[+] Step: 136
	[*] Random exploration. Selected action: 1
	[#] Next state:  [4294967295      53400       1440          0          0          0
          0          0      80000          0          0          0]
	[!] Reward:  1.0
	[#] cWnd:  53400
	[!] rtt:  0
	[!] ssThresh:  4294967295
[+] Step: 137
	[*] Random exploration. Selected action: 0
	[#] Next state:  [4294967295      18150       1440      70560      14112         10
          2     106274      80000       8062      17737     144000]
	[!] Reward:  1.0
	[#] cWnd:  18150
	[!] rtt:  106274
	[!] ssThresh:  4294967295
[+] Step: 138
	[*] Random exploration. Selected action: 1
	[#] Next state:  [4294967295      53400       1440          0          0          0
          0          0      80000          0          0          0]
	[!] Reward:  1.0
	[#] cWnd:  53400
	[!] rtt:  0
	[!] ssThresh:  4294967295
[+] Step: 139
	[*] Exploiting gained knowledge. Selected action: 0
	[#] Next state:  [4294967295      19650       1440      93600      15600         12
          2     106215      80000       7741      16773     172800]
	[!] Reward:  1.0
	[#] cWnd:  19650
	[!] rtt:  106215
	[!] ssThresh:  4294967295
[+] Step: 140
	[*] Random exploration. Selected action: 0
	[#] Next state:  [4294967295      53400       1440          0          0          0
          0          0      80000          0          0          0]
	[!] Reward:  1.0
	[#] cWnd:  53400
	[!] rtt:  0
	[!] ssThresh:  4294967295
[+] Step: 141
	[*] Random exploration. Selected action: 0
	[#] Next state:  [4294967295      19650       1440      95040      15840         12
          2     104022      80000       7888      15777     172800]
	[!] Reward:  1.0
	[#] cWnd:  19650
	[!] rtt:  104022
	[!] ssThresh:  4294967295
[+] Step: 142
	[*] Exploiting gained knowledge. Selected action: 0
	[#] Next state:  [4294967295      53400       1440          0          0          0
          0          0      80000          0          0          0]
	[!] Reward:  1.0
	[#] cWnd:  53400
	[!] rtt:  0
	[!] ssThresh:  4294967295
[+] Step: 143
	[*] Random exploration. Selected action: 2
	[#] Next state:  [4294967295      19650       1440     110880      15840         14
          2     105410      80000       8401      16802     201600]
	[!] Reward:  1.0
	[#] cWnd:  19650
	[!] rtt:  105410
	[!] ssThresh:  4294967295
[+] Step: 144
	[*] Exploiting gained knowledge. Selected action: 0
	[#] Next state:  [4294967295      53400       1440          0          0          0
          0          0      80000          0          0          0]
	[!] Reward:  1.0
	[#] cWnd:  53400
	[!] rtt:  0
	[!] ssThresh:  4294967295
[+] Step: 145
	[*] Random exploration. Selected action: 1
	[#] Next state:  [4294967295      19650       1440     110880      15840         14
          2     104472      80000       7188      14377     201600]
	[!] Reward:  1.0
	[#] cWnd:  19650
	[!] rtt:  104472
	[!] ssThresh:  4294967295
[+] Step: 146
	[*] Random exploration. Selected action: 1
	[#] Next state:  [4294967295      53400       1440          0          0          0
          0          0      80000          0          0          0]
	[!] Reward:  1.0
	[#] cWnd:  53400
	[!] rtt:  0
	[!] ssThresh:  4294967295
[+] Step: 147
	[*] Random exploration. Selected action: 2
	[#] Next state:  [4294967295      21150       1440     102240      17040         12
          2     103710      80000       6822      14781     172800]
	[!] Reward:  1.0
	[#] cWnd:  21150
	[!] rtt:  103710
	[!] ssThresh:  4294967295
[+] Step: 148
	[*] Exploiting gained knowledge. Selected action: 0
	[#] Next state:  [4294967295      53400       1440          0          0          0
          0          0      80000          0          0          0]
	[!] Reward:  1.0
	[#] cWnd:  53400
	[!] rtt:  0
	[!] ssThresh:  4294967295
[+] Step: 149
	[*] Exploiting gained knowledge. Selected action: 0
	[#] Next state:  [4294967295      21150       1440     138240      17280         16
          2     102115      80000       6663      13327     230400]
	[!] Reward:  1.0
	[#] cWnd:  21150
	[!] rtt:  102115
	[!] ssThresh:  4294967295
[+] Step: 150
	[*] Exploiting gained knowledge. Selected action: 0
	[#] Next state:  [4294967295      53400       1440          0          0          0
          0          0      80000          0          0          0]
	[!] Reward:  1.0
	[#] cWnd:  53400
	[!] rtt:  0
	[!] ssThresh:  4294967295

[O] Iteration over.
[-] Final epsilon value:  0.6060243029572018
[-] Final reward sum:  150.0
